The system is: Linux - 3.16.0-33-generic - i686
Compiling the C compiler identification source file "CMakeCCompilerId.c" succeeded.
Compiler: /usr/bin/clang 
Build flags: 
Id flags: 

The output was:
0


Compilation of the C compiler identification source "CMakeCCompilerId.c" produced "a.out"

The C compiler identification is Clang, found in "/home/ics46/projects/proj1/out/CMakeFiles/2.8.12.2/CompilerIdC/a.out"

Compiling the CXX compiler identification source file "CMakeCXXCompilerId.cpp" succeeded.
Compiler: /usr/bin/clang++ 
Build flags: 
Id flags: 

The output was:
0


Compilation of the CXX compiler identification source "CMakeCXXCompilerId.cpp" produced "a.out"

The CXX compiler identification is Clang, found in "/home/ics46/projects/proj1/out/CMakeFiles/2.8.12.2/CompilerIdCXX/a.out"

Determining if the C compiler works passed with the following output:
Change Dir: /home/ics46/projects/proj1/out/CMakeFiles/CMakeTmp

Run Build Command:/usr/bin/make "cmTryCompileExec2680796615/fast"
/usr/bin/make -f CMakeFiles/cmTryCompileExec2680796615.dir/build.make CMakeFiles/cmTryCompileExec2680796615.dir/build
make[1]: Entering directory '/home/ics46/projects/proj1/out/CMakeFiles/CMakeTmp'
/usr/bin/cmake -E cmake_progress_report /home/ics46/projects/proj1/out/CMakeFiles/CMakeTmp/CMakeFiles 1
Building C object CMakeFiles/cmTryCompileExec2680796615.dir/testCCompiler.c.o
/usr/bin/clang    -o CMakeFiles/cmTryCompileExec2680796615.dir/testCCompiler.c.o   -c /home/ics46/projects/proj1/out/CMakeFiles/CMakeTmp/testCCompiler.c
Linking C executable cmTryCompileExec2680796615
/usr/bin/cmake -E cmake_link_script CMakeFiles/cmTryCompileExec2680796615.dir/link.txt --verbose=1
/usr/bin/clang       CMakeFiles/cmTryCompileExec2680796615.dir/testCCompiler.c.o  -o cmTryCompileExec2680796615 -rdynamic 
make[1]: Leaving directory '/home/ics46/projects/proj1/out/CMakeFiles/CMakeTmp'


Detecting C compiler ABI info compiled with the following output:
Change Dir: /home/ics46/projects/proj1/out/CMakeFiles/CMakeTmp

Run Build Command:/usr/bin/make "cmTryCompileExec1029969219/fast"
/usr/bin/make -f CMakeFiles/cmTryCompileExec1029969219.dir/build.make CMakeFiles/cmTryCompileExec1029969219.dir/build
make[1]: Entering directory '/home/ics46/projects/proj1/out/CMakeFiles/CMakeTmp'
/usr/bin/cmake -E cmake_progress_report /home/ics46/projects/proj1/out/CMakeFiles/CMakeTmp/CMakeFiles 1
Building C object CMakeFiles/cmTryCompileExec1029969219.dir/CMakeCCompilerABI.c.o
/usr/bin/clang    -o CMakeFiles/cmTryCompileExec1029969219.dir/CMakeCCompilerABI.c.o   -c /usr/share/cmake-2.8/Modules/CMakeCCompilerABI.c
Linking C executable cmTryCompileExec1029969219
/usr/bin/cmake -E cmake_link_script CMakeFiles/cmTryCompileExec1029969219.dir/link.txt --verbose=1
/usr/bin/clang     -v CMakeFiles/cmTryCompileExec1029969219.dir/CMakeCCompilerABI.c.o  -o cmTryCompileExec1029969219 -rdynamic  
Ubuntu clang version 3.6.1-svn232753-1~exp1 (branches/release_36) (based on LLVM 3.6.1)
Target: i386-pc-linux-gnu
Thread model: posix
Found candidate GCC installation: /usr/bin/../lib/gcc/i686-linux-gnu/4.8
Found candidate GCC installation: /usr/bin/../lib/gcc/i686-linux-gnu/4.8.3
Found candidate GCC installation: /usr/bin/../lib/gcc/i686-linux-gnu/4.9
Found candidate GCC installation: /usr/bin/../lib/gcc/i686-linux-gnu/4.9.1
Found candidate GCC installation: /usr/lib/gcc/i686-linux-gnu/4.8
Found candidate GCC installation: /usr/lib/gcc/i686-linux-gnu/4.8.3
Found candidate GCC installation: /usr/lib/gcc/i686-linux-gnu/4.9
Found candidate GCC installation: /usr/lib/gcc/i686-linux-gnu/4.9.1
Selected GCC installation: /usr/bin/../lib/gcc/i686-linux-gnu/4.9
Candidate multilib: .;@m32
Selected multilib: .;@m32
 "/usr/bin/ld" -export-dynamic --eh-frame-hdr -m elf_i386 -dynamic-linker /lib/ld-linux.so.2 -o cmTryCompileExec1029969219 /usr/bin/../lib/gcc/i686-linux-gnu/4.9/../../../i386-linux-gnu/crt1.o /usr/bin/../lib/gcc/i686-linux-gnu/4.9/../../../i386-linux-gnu/crti.o /usr/bin/../lib/gcc/i686-linux-gnu/4.9/crtbegin.o -L/usr/bin/../lib/gcc/i686-linux-gnu/4.9 -L/usr/bin/../lib/gcc/i686-linux-gnu/4.9/../../../i386-linux-gnu -L/lib/i386-linux-gnu -L/usr/lib/i386-linux-gnu -L/usr/bin/../lib/gcc/i686-linux-gnu/4.9/../../.. -L/usr/lib/llvm-3.6/bin/../lib -L/lib -L/usr/lib CMakeFiles/cmTryCompileExec1029969219.dir/CMakeCCompilerABI.c.o -lgcc --as-needed -lgcc_s --no-as-needed -lc -lgcc --as-needed -lgcc_s --no-as-needed /usr/bin/../lib/gcc/i686-linux-gnu/4.9/crtend.o /usr/bin/../lib/gcc/i686-linux-gnu/4.9/../../../i386-linux-gnu/crtn.o
make[1]: Leaving directory '/home/ics46/projects/proj1/out/CMakeFiles/CMakeTmp'


Parsed C implicit link information from above output:
  link line regex: [^( *|.*[/\])(ld|([^/\]+-)?ld|collect2)[^/\]*( |$)]
  ignore line: [Change Dir: /home/ics46/projects/proj1/out/CMakeFiles/CMakeTmp]
  ignore line: []
  ignore line: [Run Build Command:/usr/bin/make "cmTryCompileExec1029969219/fast"]
  ignore line: [/usr/bin/make -f CMakeFiles/cmTryCompileExec1029969219.dir/build.make CMakeFiles/cmTryCompileExec1029969219.dir/build]
  ignore line: [make[1]: Entering directory '/home/ics46/projects/proj1/out/CMakeFiles/CMakeTmp']
  ignore line: [/usr/bin/cmake -E cmake_progress_report /home/ics46/projects/proj1/out/CMakeFiles/CMakeTmp/CMakeFiles 1]
  ignore line: [Building C object CMakeFiles/cmTryCompileExec1029969219.dir/CMakeCCompilerABI.c.o]
  ignore line: [/usr/bin/clang    -o CMakeFiles/cmTryCompileExec1029969219.dir/CMakeCCompilerABI.c.o   -c /usr/share/cmake-2.8/Modules/CMakeCCompilerABI.c]
  ignore line: [Linking C executable cmTryCompileExec1029969219]
  ignore line: [/usr/bin/cmake -E cmake_link_script CMakeFiles/cmTryCompileExec1029969219.dir/link.txt --verbose=1]
  ignore line: [/usr/bin/clang     -v CMakeFiles/cmTryCompileExec1029969219.dir/CMakeCCompilerABI.c.o  -o cmTryCompileExec1029969219 -rdynamic  ]
  ignore line: [Ubuntu clang version 3.6.1-svn232753-1~exp1 (branches/release_36) (based on LLVM 3.6.1)]
  ignore line: [Target: i386-pc-linux-gnu]
  ignore line: [Thread model: posix]
  ignore line: [Found candidate GCC installation: /usr/bin/../lib/gcc/i686-linux-gnu/4.8]
  ignore line: [Found candidate GCC installation: /usr/bin/../lib/gcc/i686-linux-gnu/4.8.3]
  ignore line: [Found candidate GCC installation: /usr/bin/../lib/gcc/i686-linux-gnu/4.9]
  ignore line: [Found candidate GCC installation: /usr/bin/../lib/gcc/i686-linux-gnu/4.9.1]
  ignore line: [Found candidate GCC installation: /usr/lib/gcc/i686-linux-gnu/4.8]
  ignore line: [Found candidate GCC installation: /usr/lib/gcc/i686-linux-gnu/4.8.3]
  ignore line: [Found candidate GCC installation: /usr/lib/gcc/i686-linux-gnu/4.9]
  ignore line: [Found candidate GCC installation: /usr/lib/gcc/i686-linux-gnu/4.9.1]
  ignore line: [Selected GCC installation: /usr/bin/../lib/gcc/i686-linux-gnu/4.9]
  ignore line: [Candidate multilib: .]
  ignore line: [@m32]
  ignore line: [Selected multilib: .]
  ignore line: [@m32]
  link line: [ "/usr/bin/ld" -export-dynamic --eh-frame-hdr -m elf_i386 -dynamic-linker /lib/ld-linux.so.2 -o cmTryCompileExec1029969219 /usr/bin/../lib/gcc/i686-linux-gnu/4.9/../../../i386-linux-gnu/crt1.o /usr/bin/../lib/gcc/i686-linux-gnu/4.9/../../../i386-linux-gnu/crti.o /usr/bin/../lib/gcc/i686-linux-gnu/4.9/crtbegin.o -L/usr/bin/../lib/gcc/i686-linux-gnu/4.9 -L/usr/bin/../lib/gcc/i686-linux-gnu/4.9/../../../i386-linux-gnu -L/lib/i386-linux-gnu -L/usr/lib/i386-linux-gnu -L/usr/bin/../lib/gcc/i686-linux-gnu/4.9/../../.. -L/usr/lib/llvm-3.6/bin/../lib -L/lib -L/usr/lib CMakeFiles/cmTryCompileExec1029969219.dir/CMakeCCompilerABI.c.o -lgcc --as-needed -lgcc_s --no-as-needed -lc -lgcc --as-needed -lgcc_s --no-as-needed /usr/bin/../lib/gcc/i686-linux-gnu/4.9/crtend.o /usr/bin/../lib/gcc/i686-linux-gnu/4.9/../../../i386-linux-gnu/crtn.o]
    arg [/usr/bin/ld] ==> ignore
    arg [-export-dynamic] ==> ignore
    arg [--eh-frame-hdr] ==> ignore
    arg [-m] ==> ignore
    arg [elf_i386] ==> ignore
    arg [-dynamic-linker] ==> ignore
    arg [/lib/ld-linux.so.2] ==> ignore
    arg [-o] ==> ignore
    arg [cmTryCompileExec1029969219] ==> ignore
    arg [/usr/bin/../lib/gcc/i686-linux-gnu/4.9/../../../i386-linux-gnu/crt1.o] ==> ignore
    arg [/usr/bin/../lib/gcc/i686-linux-gnu/4.9/../../../i386-linux-gnu/crti.o] ==> ignore
    arg [/usr/bin/../lib/gcc/i686-linux-gnu/4.9/crtbegin.o] ==> ignore
    arg [-L/usr/bin/../lib/gcc/i686-linux-gnu/4.9] ==> dir [/usr/bin/../lib/gcc/i686-linux-gnu/4.9]
    arg [-L/usr/bin/../lib/gcc/i686-linux-gnu/4.9/../../../i386-linux-gnu] ==> dir [/usr/bin/../lib/gcc/i686-linux-gnu/4.9/../../../i386-linux-gnu]
    arg [-L/lib/i386-linux-gnu] ==> dir [/lib/i386-linux-gnu]
    arg [-L/usr/lib/i386-linux-gnu] ==> dir [/usr/lib/i386-linux-gnu]
    arg [-L/usr/bin/../lib/gcc/i686-linux-gnu/4.9/../../..] ==> dir [/usr/bin/../lib/gcc/i686-linux-gnu/4.9/../../..]
    arg [-L/usr/lib/llvm-3.6/bin/../lib] ==> dir [/usr/lib/llvm-3.6/bin/../lib]
    arg [-L/lib] ==> dir [/lib]
    arg [-L/usr/lib] ==> dir [/usr/lib]
    arg [CMakeFiles/cmTryCompileExec1029969219.dir/CMakeCCompilerABI.c.o] ==> ignore
    arg [-lgcc] ==> lib [gcc]
    arg [--as-needed] ==> ignore
    arg [-lgcc_s] ==> lib [gcc_s]
    arg [--no-as-needed] ==> ignore
    arg [-lc] ==> lib [c]
    arg [-lgcc] ==> lib [gcc]
    arg [--as-needed] ==> ignore
    arg [-lgcc_s] ==> lib [gcc_s]
    arg [--no-as-needed] ==> ignore
    arg [/usr/bin/../lib/gcc/i686-linux-gnu/4.9/crtend.o] ==> ignore
    arg [/usr/bin/../lib/gcc/i686-linux-gnu/4.9/../../../i386-linux-gnu/crtn.o] ==> ignore
  remove lib [gcc]
  remove lib [gcc_s]
  remove lib [gcc]
  remove lib [gcc_s]
  collapse library dir [/usr/bin/../lib/gcc/i686-linux-gnu/4.9] ==> [/usr/lib/gcc/i686-linux-gnu/4.9]
  collapse library dir [/usr/bin/../lib/gcc/i686-linux-gnu/4.9/../../../i386-linux-gnu] ==> [/usr/lib/i386-linux-gnu]
  collapse library dir [/lib/i386-linux-gnu] ==> [/lib/i386-linux-gnu]
  collapse library dir [/usr/lib/i386-linux-gnu] ==> [/usr/lib/i386-linux-gnu]
  collapse library dir [/usr/bin/../lib/gcc/i686-linux-gnu/4.9/../../..] ==> [/usr/lib]
  collapse library dir [/usr/lib/llvm-3.6/bin/../lib] ==> [/usr/lib/llvm-3.6/lib]
  collapse library dir [/lib] ==> [/lib]
  collapse library dir [/usr/lib] ==> [/usr/lib]
  implicit libs: [c]
  implicit dirs: [/usr/lib/gcc/i686-linux-gnu/4.9;/usr/lib/i386-linux-gnu;/lib/i386-linux-gnu;/usr/lib;/usr/lib/llvm-3.6/lib;/lib]
  implicit fwks: []


Determining if the CXX compiler works passed with the following output:
Change Dir: /home/ics46/projects/proj1/out/CMakeFiles/CMakeTmp

Run Build Command:/usr/bin/make "cmTryCompileExec2648382026/fast"
/usr/bin/make -f CMakeFiles/cmTryCompileExec2648382026.dir/build.make CMakeFiles/cmTryCompileExec2648382026.dir/build
make[1]: Entering directory '/home/ics46/projects/proj1/out/CMakeFiles/CMakeTmp'
/usr/bin/cmake -E cmake_progress_report /home/ics46/projects/proj1/out/CMakeFiles/CMakeTmp/CMakeFiles 1
Building CXX object CMakeFiles/cmTryCompileExec2648382026.dir/testCXXCompiler.cxx.o
/usr/bin/clang++     -o CMakeFiles/cmTryCompileExec2648382026.dir/testCXXCompiler.cxx.o -c /home/ics46/projects/proj1/out/CMakeFiles/CMakeTmp/testCXXCompiler.cxx
Linking CXX executable cmTryCompileExec2648382026
/usr/bin/cmake -E cmake_link_script CMakeFiles/cmTryCompileExec2648382026.dir/link.txt --verbose=1
/usr/bin/clang++        CMakeFiles/cmTryCompileExec2648382026.dir/testCXXCompiler.cxx.o  -o cmTryCompileExec2648382026 -rdynamic 
make[1]: Leaving directory '/home/ics46/projects/proj1/out/CMakeFiles/CMakeTmp'


Detecting CXX compiler ABI info compiled with the following output:
Change Dir: /home/ics46/projects/proj1/out/CMakeFiles/CMakeTmp

Run Build Command:/usr/bin/make "cmTryCompileExec249475490/fast"
/usr/bin/make -f CMakeFiles/cmTryCompileExec249475490.dir/build.make CMakeFiles/cmTryCompileExec249475490.dir/build
make[1]: Entering directory '/home/ics46/projects/proj1/out/CMakeFiles/CMakeTmp'
/usr/bin/cmake -E cmake_progress_report /home/ics46/projects/proj1/out/CMakeFiles/CMakeTmp/CMakeFiles 1
Building CXX object CMakeFiles/cmTryCompileExec249475490.dir/CMakeCXXCompilerABI.cpp.o
/usr/bin/clang++     -o CMakeFiles/cmTryCompileExec249475490.dir/CMakeCXXCompilerABI.cpp.o -c /usr/share/cmake-2.8/Modules/CMakeCXXCompilerABI.cpp
Linking CXX executable cmTryCompileExec249475490
/usr/bin/cmake -E cmake_link_script CMakeFiles/cmTryCompileExec249475490.dir/link.txt --verbose=1
/usr/bin/clang++      -v CMakeFiles/cmTryCompileExec249475490.dir/CMakeCXXCompilerABI.cpp.o  -o cmTryCompileExec249475490 -rdynamic  
Ubuntu clang version 3.6.1-svn232753-1~exp1 (branches/release_36) (based on LLVM 3.6.1)
Target: i386-pc-linux-gnu
Thread model: posix
Found candidate GCC installation: /usr/bin/../lib/gcc/i686-linux-gnu/4.8
Found candidate GCC installation: /usr/bin/../lib/gcc/i686-linux-gnu/4.8.3
Found candidate GCC installation: /usr/bin/../lib/gcc/i686-linux-gnu/4.9
Found candidate GCC installation: /usr/bin/../lib/gcc/i686-linux-gnu/4.9.1
Found candidate GCC installation: /usr/lib/gcc/i686-linux-gnu/4.8
Found candidate GCC installation: /usr/lib/gcc/i686-linux-gnu/4.8.3
Found candidate GCC installation: /usr/lib/gcc/i686-linux-gnu/4.9
Found candidate GCC installation: /usr/lib/gcc/i686-linux-gnu/4.9.1
Selected GCC installation: /usr/bin/../lib/gcc/i686-linux-gnu/4.9
Candidate multilib: .;@m32
Selected multilib: .;@m32
 "/usr/bin/ld" -export-dynamic --eh-frame-hdr -m elf_i386 -dynamic-linker /lib/ld-linux.so.2 -o cmTryCompileExec249475490 /usr/bin/../lib/gcc/i686-linux-gnu/4.9/../../../i386-linux-gnu/crt1.o /usr/bin/../lib/gcc/i686-linux-gnu/4.9/../../../i386-linux-gnu/crti.o /usr/bin/../lib/gcc/i686-linux-gnu/4.9/crtbegin.o -L/usr/bin/../lib/gcc/i686-linux-gnu/4.9 -L/usr/bin/../lib/gcc/i686-linux-gnu/4.9/../../../i386-linux-gnu -L/lib/i386-linux-gnu -L/usr/lib/i386-linux-gnu -L/usr/bin/../lib/gcc/i686-linux-gnu/4.9/../../.. -L/usr/lib/llvm-3.6/bin/../lib -L/lib -L/usr/lib CMakeFiles/cmTryCompileExec249475490.dir/CMakeCXXCompilerABI.cpp.o -lstdc++ -lm -lgcc_s -lgcc -lc -lgcc_s -lgcc /usr/bin/../lib/gcc/i686-linux-gnu/4.9/crtend.o /usr/bin/../lib/gcc/i686-linux-gnu/4.9/../../../i386-linux-gnu/crtn.o
make[1]: Leaving directory '/home/ics46/projects/proj1/out/CMakeFiles/CMakeTmp'


Parsed CXX implicit link information from above output:
  link line regex: [^( *|.*[/\])(ld|([^/\]+-)?ld|collect2)[^/\]*( |$)]
  ignore line: [Change Dir: /home/ics46/projects/proj1/out/CMakeFiles/CMakeTmp]
  ignore line: []
  ignore line: [Run Build Command:/usr/bin/make "cmTryCompileExec249475490/fast"]
  ignore line: [/usr/bin/make -f CMakeFiles/cmTryCompileExec249475490.dir/build.make CMakeFiles/cmTryCompileExec249475490.dir/build]
  ignore line: [make[1]: Entering directory '/home/ics46/projects/proj1/out/CMakeFiles/CMakeTmp']
  ignore line: [/usr/bin/cmake -E cmake_progress_report /home/ics46/projects/proj1/out/CMakeFiles/CMakeTmp/CMakeFiles 1]
  ignore line: [Building CXX object CMakeFiles/cmTryCompileExec249475490.dir/CMakeCXXCompilerABI.cpp.o]
  ignore line: [/usr/bin/clang++     -o CMakeFiles/cmTryCompileExec249475490.dir/CMakeCXXCompilerABI.cpp.o -c /usr/share/cmake-2.8/Modules/CMakeCXXCompilerABI.cpp]
  ignore line: [Linking CXX executable cmTryCompileExec249475490]
  ignore line: [/usr/bin/cmake -E cmake_link_script CMakeFiles/cmTryCompileExec249475490.dir/link.txt --verbose=1]
  ignore line: [/usr/bin/clang++      -v CMakeFiles/cmTryCompileExec249475490.dir/CMakeCXXCompilerABI.cpp.o  -o cmTryCompileExec249475490 -rdynamic  ]
  ignore line: [Ubuntu clang version 3.6.1-svn232753-1~exp1 (branches/release_36) (based on LLVM 3.6.1)]
  ignore line: [Target: i386-pc-linux-gnu]
  ignore line: [Thread model: posix]
  ignore line: [Found candidate GCC installation: /usr/bin/../lib/gcc/i686-linux-gnu/4.8]
  ignore line: [Found candidate GCC installation: /usr/bin/../lib/gcc/i686-linux-gnu/4.8.3]
  ignore line: [Found candidate GCC installation: /usr/bin/../lib/gcc/i686-linux-gnu/4.9]
  ignore line: [Found candidate GCC installation: /usr/bin/../lib/gcc/i686-linux-gnu/4.9.1]
  ignore line: [Found candidate GCC installation: /usr/lib/gcc/i686-linux-gnu/4.8]
  ignore line: [Found candidate GCC installation: /usr/lib/gcc/i686-linux-gnu/4.8.3]
  ignore line: [Found candidate GCC installation: /usr/lib/gcc/i686-linux-gnu/4.9]
  ignore line: [Found candidate GCC installation: /usr/lib/gcc/i686-linux-gnu/4.9.1]
  ignore line: [Selected GCC installation: /usr/bin/../lib/gcc/i686-linux-gnu/4.9]
  ignore line: [Candidate multilib: .]
  ignore line: [@m32]
  ignore line: [Selected multilib: .]
  ignore line: [@m32]
  link line: [ "/usr/bin/ld" -export-dynamic --eh-frame-hdr -m elf_i386 -dynamic-linker /lib/ld-linux.so.2 -o cmTryCompileExec249475490 /usr/bin/../lib/gcc/i686-linux-gnu/4.9/../../../i386-linux-gnu/crt1.o /usr/bin/../lib/gcc/i686-linux-gnu/4.9/../../../i386-linux-gnu/crti.o /usr/bin/../lib/gcc/i686-linux-gnu/4.9/crtbegin.o -L/usr/bin/../lib/gcc/i686-linux-gnu/4.9 -L/usr/bin/../lib/gcc/i686-linux-gnu/4.9/../../../i386-linux-gnu -L/lib/i386-linux-gnu -L/usr/lib/i386-linux-gnu -L/usr/bin/../lib/gcc/i686-linux-gnu/4.9/../../.. -L/usr/lib/llvm-3.6/bin/../lib -L/lib -L/usr/lib CMakeFiles/cmTryCompileExec249475490.dir/CMakeCXXCompilerABI.cpp.o -lstdc++ -lm -lgcc_s -lgcc -lc -lgcc_s -lgcc /usr/bin/../lib/gcc/i686-linux-gnu/4.9/crtend.o /usr/bin/../lib/gcc/i686-linux-gnu/4.9/../../../i386-linux-gnu/crtn.o]
    arg [/usr/bin/ld] ==> ignore
    arg [-export-dynamic] ==> ignore
    arg [--eh-frame-hdr] ==> ignore
    arg [-m] ==> ignore
    arg [elf_i386] ==> ignore
    arg [-dynamic-linker] ==> ignore
    arg [/lib/ld-linux.so.2] ==> ignore
    arg [-o] ==> ignore
    arg [cmTryCompileExec249475490] ==> ignore
    arg [/usr/bin/../lib/gcc/i686-linux-gnu/4.9/../../../i386-linux-gnu/crt1.o] ==> ignore
    arg [/usr/bin/../lib/gcc/i686-linux-gnu/4.9/../../../i386-linux-gnu/crti.o] ==> ignore
    arg [/usr/bin/../lib/gcc/i686-linux-gnu/4.9/crtbegin.o] ==> ignore
    arg [-L/usr/bin/../lib/gcc/i686-linux-gnu/4.9] ==> dir [/usr/bin/../lib/gcc/i686-linux-gnu/4.9]
    arg [-L/usr/bin/../lib/gcc/i686-linux-gnu/4.9/../../../i386-linux-gnu] ==> dir [/usr/bin/../lib/gcc/i686-linux-gnu/4.9/../../../i386-linux-gnu]
    arg [-L/lib/i386-linux-gnu] ==> dir [/lib/i386-linux-gnu]
    arg [-L/usr/lib/i386-linux-gnu] ==> dir [/usr/lib/i386-linux-gnu]
    arg [-L/usr/bin/../lib/gcc/i686-linux-gnu/4.9/../../..] ==> dir [/usr/bin/../lib/gcc/i686-linux-gnu/4.9/../../..]
    arg [-L/usr/lib/llvm-3.6/bin/../lib] ==> dir [/usr/lib/llvm-3.6/bin/../lib]
    arg [-L/lib] ==> dir [/lib]
    arg [-L/usr/lib] ==> dir [/usr/lib]
    arg [CMakeFiles/cmTryCompileExec249475490.dir/CMakeCXXCompilerABI.cpp.o] ==> ignore
    arg [-lstdc++] ==> lib [stdc++]
    arg [-lm] ==> lib [m]
    arg [-lgcc_s] ==> lib [gcc_s]
    arg [-lgcc] ==> lib [gcc]
    arg [-lc] ==> lib [c]
    arg [-lgcc_s] ==> lib [gcc_s]
    arg [-lgcc] ==> lib [gcc]
    arg [/usr/bin/../lib/gcc/i686-linux-gnu/4.9/crtend.o] ==> ignore
    arg [/usr/bin/../lib/gcc/i686-linux-gnu/4.9/../../../i386-linux-gnu/crtn.o] ==> ignore
  remove lib [gcc_s]
  remove lib [gcc]
  remove lib [gcc_s]
  remove lib [gcc]
  collapse library dir [/usr/bin/../lib/gcc/i686-linux-gnu/4.9] ==> [/usr/lib/gcc/i686-linux-gnu/4.9]
  collapse library dir [/usr/bin/../lib/gcc/i686-linux-gnu/4.9/../../../i386-linux-gnu] ==> [/usr/lib/i386-linux-gnu]
  collapse library dir [/lib/i386-linux-gnu] ==> [/lib/i386-linux-gnu]
  collapse library dir [/usr/lib/i386-linux-gnu] ==> [/usr/lib/i386-linux-gnu]
  collapse library dir [/usr/bin/../lib/gcc/i686-linux-gnu/4.9/../../..] ==> [/usr/lib]
  collapse library dir [/usr/lib/llvm-3.6/bin/../lib] ==> [/usr/lib/llvm-3.6/lib]
  collapse library dir [/lib] ==> [/lib]
  collapse library dir [/usr/lib] ==> [/usr/lib]
  implicit libs: [stdc++;m;c]
  implicit dirs: [/usr/lib/gcc/i686-linux-gnu/4.9;/usr/lib/i386-linux-gnu;/lib/i386-linux-gnu;/usr/lib;/usr/lib/llvm-3.6/lib;/lib]
  implicit fwks: []


